Traceback (most recent call last):
  File "/home/wzy/.local/lib/python3.10/site-packages/qpsolvers/solve_problem.py", line 81, in solve_problem
    return solve_function[solver](problem, **kwargs)
KeyError: 'quadprog'

The above exception was the direct cause of the following exception:

Traceback (most recent call last):
  File "/home/wzy/AmazingHand/Demo/AHSimulation/AHSimulation/mj_mink_right.py", line 322, in <module>
    main()
  File "/home/wzy/AmazingHand/Demo/AHSimulation/AHSimulation/mj_mink_right.py", line 318, in main
    client.run()
  File "/home/wzy/AmazingHand/Demo/AHSimulation/AHSimulation/mj_mink_right.py", line 181, in run
    vel = mink.solve_ik(self.configuration, self.tasks, rate.dt, self.solver, 1e-5)
  File "/home/wzy/.local/lib/python3.10/site-packages/mink/solve_ik.py", line 122, in solve_ik
    result = qpsolvers.solve_problem(problem, solver=solver, **kwargs)
  File "/home/wzy/.local/lib/python3.10/site-packages/qpsolvers/solve_problem.py", line 83, in solve_problem
    raise SolverNotFound(
qpsolvers.exceptions.SolverNotFound: 'quadprog' does not seem to be installed (found solvers: ['daqp']); if 'quadprog' is listed in https://github.com/qpsolvers/qpsolvers#solvers you can install it by `pip install qpsolvers[quadprog]`
